<?xml version="1.0" encoding="UTF-8"?>
<TestRun id="e9c922b4-8dca-4507-8d10-9e7e12651f08" name="tkaufman@TKAUFMAN-VISTA 2008-06-16 21:55:16" runUser="QSI\tkaufman" xmlns="http://microsoft.com/schemas/VisualStudio/TeamTest/2006">
  <TestRunConfiguration name="Local Test Run" id="3f4bd08e-3b46-4785-a55b-c02ff4bca6cb">
    <Description>This is a default test run configuration for a local test run.</Description>
    <Deployment runDeploymentRoot="C:\Users\tkaufman\Documents\Visual Studio 2008\Projects\AdoptingAOP\TestResults\tkaufman_TKAUFMAN-VISTA 2008-06-16 21_55_16">
      <DeploymentItem filename="C:\Program Files\CastleProject\Bin\net-2.0\Castle.Windsor.dll" />
      <DeploymentItem filename="C:\Program Files\CastleProject\Bin\net-2.0\Castle.MicroKernel.dll" />
      <DeploymentItem filename="C:\Program Files\CastleProject\Bin\net-2.0\Castle.DynamicProxy.dll" />
      <DeploymentItem filename="C:\Program Files\CastleProject\Bin\net-2.0\Castle.Core.dll" />
    </Deployment>
    <TestTypeSpecific />
  </TestRunConfiguration>
  <ResultSummary outcome="Failed">
    <Counters total="2" executed="2" error="0" failed="2" timeout="0" aborted="0" inconclusive="0" passedButRunAborted="0" notRunnable="0" notExecuted="0" disconnected="0" warning="0" passed="0" completed="0" inProgress="0" pending="0" />
  </ResultSummary>
  <Times creation="2008-06-16T21:55:16.5580396-04:00" queuing="2008-06-16T21:55:17.4816644-04:00" start="2008-06-16T21:55:17.8029252-04:00" finish="2008-06-16T21:55:18.4153286-04:00" />
  <TestDefinitions>
    <UnitTest name="TestFindNullByNumber" storage="c:\users\tkaufman\documents\visual studio 2008\projects\adoptingaop\adoptingaop\bin\debug\adoptingaop.dll" id="2d673b58-a5f2-ba37-a584-e4660783d0ff">
      <Css projectStructure="" iteration="" />
      <Owners>
        <Owner name="" />
      </Owners>
      <Execution id="7406e619-3bcc-47bc-a096-dc527c216d7c" />
      <TestMethod codeBase="C:\Users\tkaufman\Documents\Visual Studio 2008\Projects\AdoptingAOP\AdoptingAOP\bin\Debug\AdoptingAOP.dll" adapterTypeName="Microsoft.VisualStudio.TestTools.TestTypes.Unit.UnitTestAdapter, Microsoft.VisualStudio.QualityTools.Tips.UnitTest.Adapter, Version=9.0.0.0, Culture=neutral, PublicKeyToken=b03f5f7f11d50a3a" className="AdoptingAOP.AccountServiceTest, AdoptingAOP" name="TestFindNullByNumber" />
    </UnitTest>
    <UnitTest name="TestFindByNumber" storage="c:\users\tkaufman\documents\visual studio 2008\projects\adoptingaop\adoptingaop\bin\debug\adoptingaop.dll" id="cebc6843-8f0d-5e76-d13a-359b67f49597">
      <Css projectStructure="" iteration="" />
      <Owners>
        <Owner name="" />
      </Owners>
      <Execution id="c6a6ab04-cad3-4aeb-a449-6e83c2c7396c" />
      <TestMethod codeBase="C:\Users\tkaufman\Documents\Visual Studio 2008\Projects\AdoptingAOP\AdoptingAOP\bin\Debug\AdoptingAOP.dll" adapterTypeName="Microsoft.VisualStudio.TestTools.TestTypes.Unit.UnitTestAdapter, Microsoft.VisualStudio.QualityTools.Tips.UnitTest.Adapter, Version=9.0.0.0, Culture=neutral, PublicKeyToken=b03f5f7f11d50a3a" className="AdoptingAOP.AccountServiceTest, AdoptingAOP" name="TestFindByNumber" />
    </UnitTest>
  </TestDefinitions>
  <TestLists>
    <TestList name="Results Not in a List" id="8c84fa94-04c1-424b-9868-57a2d4851a1d" />
    <TestList name="All Loaded Results" id="19431567-8539-422a-85d7-44ee4e166bda" />
  </TestLists>
  <TestEntries>
    <TestEntry testId="2d673b58-a5f2-ba37-a584-e4660783d0ff" executionId="7406e619-3bcc-47bc-a096-dc527c216d7c" testListId="8c84fa94-04c1-424b-9868-57a2d4851a1d" />
    <TestEntry testId="cebc6843-8f0d-5e76-d13a-359b67f49597" executionId="c6a6ab04-cad3-4aeb-a449-6e83c2c7396c" testListId="8c84fa94-04c1-424b-9868-57a2d4851a1d" />
  </TestEntries>
  <Results>
    <UnitTestResult executionId="7406e619-3bcc-47bc-a096-dc527c216d7c" testId="2d673b58-a5f2-ba37-a584-e4660783d0ff" testName="TestFindNullByNumber" computerName="TKAUFMAN-VISTA" duration="00:00:00.1877688" startTime="2008-06-16T21:55:17.8932798-04:00" endTime="2008-06-16T21:55:18.2647376-04:00" testType="13cdc9d9-ddb5-4fa4-a97d-d965ccfc6d4b" outcome="Failed" testListId="8c84fa94-04c1-424b-9868-57a2d4851a1d">
      <Output>
        <ErrorInfo>
          <Message>Initialization method AdoptingAOP.AccountServiceTest.SetupWindsor threw exception. Castle.MicroKernel.ComponentActivator.ComponentActivatorException:  Castle.MicroKernel.ComponentActivator.ComponentActivatorException: ComponentActivator: could not proxy AdoptingAOP.MockAccountDao ---&gt;  Castle.DynamicProxy.Generators.GeneratorException: Type is not public, so a proxy cannot be generated. Type: AdoptingAOP.IAccountDao.</Message>
          <StackTrace>    at Castle.DynamicProxy.DefaultProxyBuilder.AssertValidType(Type target)
   at Castle.DynamicProxy.DefaultProxyBuilder.CreateInterfaceProxyTypeWithTarget(Type theInterface, Type[] interfaces, Type targetType, ProxyGenerationOptions options)
   at Castle.DynamicProxy.ProxyGenerator.CreateInterfaceProxyWithTarget(Type theInterface, Type[] interfaces, Object target, ProxyGenerationOptions options, IInterceptor[] interceptors)
   at Castle.Windsor.Proxy.DefaultProxyFactory.Create(IKernel kernel, Object target, ComponentModel model, Object[] constructorArguments)
   at Castle.MicroKernel.ComponentActivator.DefaultComponentActivator.CreateInstance(CreationContext context, Object[] arguments, Type[] signature)
 --- End of inner exception stack trace ---
    at Castle.MicroKernel.ComponentActivator.DefaultComponentActivator.CreateInstance(CreationContext context, Object[] arguments, Type[] signature)
   at Castle.MicroKernel.ComponentActivator.DefaultComponentActivator.Instantiate(CreationContext context)
   at Castle.MicroKernel.ComponentActivator.DefaultComponentActivator.InternalCreate(CreationContext context)
   at Castle.MicroKernel.ComponentActivator.AbstractComponentActivator.Create(CreationContext context)
   at Castle.MicroKernel.Lifestyle.SingletonLifestyleManager.Resolve(CreationContext context)
   at Castle.MicroKernel.Handlers.DefaultHandler.Resolve(CreationContext context)
   at Castle.MicroKernel.Resolvers.DefaultDependencyResolver.ResolveServiceDependency(CreationContext context, ComponentModel model, DependencyModel dependency)
   at Castle.MicroKernel.Resolvers.DefaultDependencyResolver.Resolve(CreationContext context, ISubDependencyResolver parentResolver, ComponentModel model, DependencyModel dependency)
   at Castle.MicroKernel.ComponentActivator.DefaultComponentActivator.SetUpProperties(Object instance, CreationContext context)
   at Castle.MicroKernel.ComponentActivator.DefaultComponentActivator.InternalCreate(CreationContext context)
   at Castle.MicroKernel.ComponentActivator.AbstractComponentActivator.Create(CreationContext context)
   at Castle.MicroKernel.Lifestyle.SingletonLifestyleManager.Resolve(CreationContext context)
   at Castle.MicroKernel.Handlers.DefaultHandler.Resolve(CreationContext context)
   at Castle.MicroKernel.DefaultKernel.get_Item(Type service)
   at Castle.MicroKernel.DefaultKernel.Resolve(Type service)
   at Castle.Windsor.WindsorContainer.GetService[T]()
   at AdoptingAOP.AccountServiceTest.SetupWindsor() in C:\Users\tkaufman\Documents\Visual Studio 2008\Projects\AdoptingAOP\AdoptingAOP\AccountServiceTest.cs:line 61
</StackTrace>
        </ErrorInfo>
      </Output>
    </UnitTestResult>
    <UnitTestResult executionId="c6a6ab04-cad3-4aeb-a449-6e83c2c7396c" testId="cebc6843-8f0d-5e76-d13a-359b67f49597" testName="TestFindByNumber" computerName="TKAUFMAN-VISTA" duration="00:00:00.0019008" startTime="2008-06-16T21:55:18.2747770-04:00" endTime="2008-06-16T21:55:18.2848164-04:00" testType="13cdc9d9-ddb5-4fa4-a97d-d965ccfc6d4b" outcome="Failed" testListId="8c84fa94-04c1-424b-9868-57a2d4851a1d">
      <Output>
        <ErrorInfo>
          <Message>Initialization method AdoptingAOP.AccountServiceTest.SetupWindsor threw exception. Castle.MicroKernel.ComponentActivator.ComponentActivatorException:  Castle.MicroKernel.ComponentActivator.ComponentActivatorException: ComponentActivator: could not proxy AdoptingAOP.MockAccountDao ---&gt;  Castle.DynamicProxy.Generators.GeneratorException: Type is not public, so a proxy cannot be generated. Type: AdoptingAOP.IAccountDao.</Message>
          <StackTrace>    at Castle.DynamicProxy.DefaultProxyBuilder.AssertValidType(Type target)
   at Castle.DynamicProxy.DefaultProxyBuilder.CreateInterfaceProxyTypeWithTarget(Type theInterface, Type[] interfaces, Type targetType, ProxyGenerationOptions options)
   at Castle.DynamicProxy.ProxyGenerator.CreateInterfaceProxyWithTarget(Type theInterface, Type[] interfaces, Object target, ProxyGenerationOptions options, IInterceptor[] interceptors)
   at Castle.Windsor.Proxy.DefaultProxyFactory.Create(IKernel kernel, Object target, ComponentModel model, Object[] constructorArguments)
   at Castle.MicroKernel.ComponentActivator.DefaultComponentActivator.CreateInstance(CreationContext context, Object[] arguments, Type[] signature)
 --- End of inner exception stack trace ---
    at Castle.MicroKernel.ComponentActivator.DefaultComponentActivator.CreateInstance(CreationContext context, Object[] arguments, Type[] signature)
   at Castle.MicroKernel.ComponentActivator.DefaultComponentActivator.Instantiate(CreationContext context)
   at Castle.MicroKernel.ComponentActivator.DefaultComponentActivator.InternalCreate(CreationContext context)
   at Castle.MicroKernel.ComponentActivator.AbstractComponentActivator.Create(CreationContext context)
   at Castle.MicroKernel.Lifestyle.SingletonLifestyleManager.Resolve(CreationContext context)
   at Castle.MicroKernel.Handlers.DefaultHandler.Resolve(CreationContext context)
   at Castle.MicroKernel.Resolvers.DefaultDependencyResolver.ResolveServiceDependency(CreationContext context, ComponentModel model, DependencyModel dependency)
   at Castle.MicroKernel.Resolvers.DefaultDependencyResolver.Resolve(CreationContext context, ISubDependencyResolver parentResolver, ComponentModel model, DependencyModel dependency)
   at Castle.MicroKernel.ComponentActivator.DefaultComponentActivator.SetUpProperties(Object instance, CreationContext context)
   at Castle.MicroKernel.ComponentActivator.DefaultComponentActivator.InternalCreate(CreationContext context)
   at Castle.MicroKernel.ComponentActivator.AbstractComponentActivator.Create(CreationContext context)
   at Castle.MicroKernel.Lifestyle.SingletonLifestyleManager.Resolve(CreationContext context)
   at Castle.MicroKernel.Handlers.DefaultHandler.Resolve(CreationContext context)
   at Castle.MicroKernel.DefaultKernel.get_Item(Type service)
   at Castle.MicroKernel.DefaultKernel.Resolve(Type service)
   at Castle.Windsor.WindsorContainer.GetService[T]()
   at AdoptingAOP.AccountServiceTest.SetupWindsor() in C:\Users\tkaufman\Documents\Visual Studio 2008\Projects\AdoptingAOP\AdoptingAOP\AccountServiceTest.cs:line 61
</StackTrace>
        </ErrorInfo>
      </Output>
    </UnitTestResult>
  </Results>
</TestRun>