<?xml version="1.0" encoding="UTF-8"?>
<TestRun id="35c36beb-ad5e-4f98-8146-141553c40962" name="tkaufman@TKAUFMAN-VISTA 2008-06-18 18:52:32" runUser="QSI\tkaufman" xmlns="http://microsoft.com/schemas/VisualStudio/TeamTest/2006">
  <TestRunConfiguration name="Local Test Run" id="3f4bd08e-3b46-4785-a55b-c02ff4bca6cb">
    <Description>This is a default test run configuration for a local test run.</Description>
    <Deployment runDeploymentRoot="C:\Users\tkaufman\Documents\Visual Studio 2008\Projects\AdoptingAOP\TestResults\tkaufman_TKAUFMAN-VISTA 2008-06-18 18_52_32">
      <DeploymentItem filename="C:\Program Files\CastleProject\Bin\net-2.0\Castle.Windsor.dll" />
      <DeploymentItem filename="C:\Program Files\CastleProject\Bin\net-2.0\Castle.MicroKernel.dll" />
      <DeploymentItem filename="C:\Program Files\CastleProject\Bin\net-2.0\Castle.DynamicProxy.dll" />
      <DeploymentItem filename="C:\Program Files\CastleProject\Bin\net-2.0\Castle.Core.dll" />
    </Deployment>
    <TestTypeSpecific />
  </TestRunConfiguration>
  <ResultSummary outcome="Failed">
    <Counters total="2" executed="2" error="0" failed="2" timeout="0" aborted="0" inconclusive="0" passedButRunAborted="0" notRunnable="0" notExecuted="0" disconnected="0" warning="0" passed="0" completed="0" inProgress="0" pending="0" />
  </ResultSummary>
  <Times creation="2008-06-18T18:52:32.2855740-04:00" queuing="2008-06-18T18:52:33.6308536-04:00" start="2008-06-18T18:52:33.9721932-04:00" finish="2008-06-18T18:52:34.9058574-04:00" />
  <TestDefinitions>
    <UnitTest name="TestFindNullByNumber" storage="c:\users\tkaufman\documents\visual studio 2008\projects\adoptingaop\adoptingaop\bin\debug\adoptingaop.dll" id="2d673b58-a5f2-ba37-a584-e4660783d0ff">
      <Css projectStructure="" iteration="" />
      <Owners>
        <Owner name="" />
      </Owners>
      <Execution id="69a2ca9b-6fd2-443c-87f2-500983f66439" />
      <TestMethod codeBase="C:\Users\tkaufman\Documents\Visual Studio 2008\Projects\AdoptingAOP\AdoptingAOP\bin\Debug\AdoptingAOP.dll" adapterTypeName="Microsoft.VisualStudio.TestTools.TestTypes.Unit.UnitTestAdapter, Microsoft.VisualStudio.QualityTools.Tips.UnitTest.Adapter, Version=9.0.0.0, Culture=neutral, PublicKeyToken=b03f5f7f11d50a3a" className="AdoptingAOP.AccountServiceTest, AdoptingAOP" name="TestFindNullByNumber" />
    </UnitTest>
    <UnitTest name="TestFindByNumber" storage="c:\users\tkaufman\documents\visual studio 2008\projects\adoptingaop\adoptingaop\bin\debug\adoptingaop.dll" id="cebc6843-8f0d-5e76-d13a-359b67f49597">
      <Css projectStructure="" iteration="" />
      <Owners>
        <Owner name="" />
      </Owners>
      <Execution id="9be35671-fced-44af-8aa4-eae9f336f5f1" />
      <TestMethod codeBase="C:\Users\tkaufman\Documents\Visual Studio 2008\Projects\AdoptingAOP\AdoptingAOP\bin\Debug\AdoptingAOP.dll" adapterTypeName="Microsoft.VisualStudio.TestTools.TestTypes.Unit.UnitTestAdapter, Microsoft.VisualStudio.QualityTools.Tips.UnitTest.Adapter, Version=9.0.0.0, Culture=neutral, PublicKeyToken=b03f5f7f11d50a3a" className="AdoptingAOP.AccountServiceTest, AdoptingAOP" name="TestFindByNumber" />
    </UnitTest>
  </TestDefinitions>
  <TestLists>
    <TestList name="Results Not in a List" id="8c84fa94-04c1-424b-9868-57a2d4851a1d" />
    <TestList name="All Loaded Results" id="19431567-8539-422a-85d7-44ee4e166bda" />
  </TestLists>
  <TestEntries>
    <TestEntry testId="2d673b58-a5f2-ba37-a584-e4660783d0ff" executionId="69a2ca9b-6fd2-443c-87f2-500983f66439" testListId="8c84fa94-04c1-424b-9868-57a2d4851a1d" />
    <TestEntry testId="cebc6843-8f0d-5e76-d13a-359b67f49597" executionId="9be35671-fced-44af-8aa4-eae9f336f5f1" testListId="8c84fa94-04c1-424b-9868-57a2d4851a1d" />
  </TestEntries>
  <Results>
    <UnitTestResult executionId="69a2ca9b-6fd2-443c-87f2-500983f66439" testId="2d673b58-a5f2-ba37-a584-e4660783d0ff" testName="TestFindNullByNumber" computerName="TKAUFMAN-VISTA" duration="00:00:00.4800883" startTime="2008-06-18T18:52:34.0525084-04:00" endTime="2008-06-18T18:52:34.7251482-04:00" testType="13cdc9d9-ddb5-4fa4-a97d-d965ccfc6d4b" outcome="Failed" testListId="8c84fa94-04c1-424b-9868-57a2d4851a1d">
      <Output>
        <ErrorInfo>
          <Message>Test method AdoptingAOP.AccountServiceTest.TestFindNullByNumber threw exception:  System.ApplicationException: Not authorized!!!!.</Message>
          <StackTrace>    at AdoptingAOP.SecureInterceptor.Intercept(IInvocation invocation) in C:\Users\tkaufman\Documents\Visual Studio 2008\Projects\AdoptingAOP\AdoptingAOP\SecureInterceptor.cs:line 16
   at Castle.DynamicProxy.AbstractInvocation.Proceed()
   at IAccountDaoProxy86ee0b7bd6e047bcbe93b2d3ce9d1e31.Read(String number)
   at AdoptingAOP.AccountService.FindByNumber(String number) in C:\Users\tkaufman\Documents\Visual Studio 2008\Projects\AdoptingAOP\AdoptingAOP\AccountService.cs:line 28
   at AdoptingAOP.AccountServiceTest.TestFindNullByNumber() in C:\Users\tkaufman\Documents\Visual Studio 2008\Projects\AdoptingAOP\AdoptingAOP\AccountServiceTest.cs:line 67
</StackTrace>
        </ErrorInfo>
      </Output>
    </UnitTestResult>
    <UnitTestResult executionId="9be35671-fced-44af-8aa4-eae9f336f5f1" testId="cebc6843-8f0d-5e76-d13a-359b67f49597" testName="TestFindByNumber" computerName="TKAUFMAN-VISTA" duration="00:00:00.0147638" startTime="2008-06-18T18:52:34.7452270-04:00" endTime="2008-06-18T18:52:34.7753452-04:00" testType="13cdc9d9-ddb5-4fa4-a97d-d965ccfc6d4b" outcome="Failed" testListId="8c84fa94-04c1-424b-9868-57a2d4851a1d">
      <Output>
        <ErrorInfo>
          <Message>Test method AdoptingAOP.AccountServiceTest.TestFindByNumber threw exception:  System.ApplicationException: Not authorized!!!!.</Message>
          <StackTrace>    at AdoptingAOP.SecureInterceptor.Intercept(IInvocation invocation) in C:\Users\tkaufman\Documents\Visual Studio 2008\Projects\AdoptingAOP\AdoptingAOP\SecureInterceptor.cs:line 16
   at Castle.DynamicProxy.AbstractInvocation.Proceed()
   at IAccountDaoProxy3802639b99dd4f76afd4fbf1c30500a0.Create(Account act)
   at AdoptingAOP.AccountService.Create(Account act) in C:\Users\tkaufman\Documents\Visual Studio 2008\Projects\AdoptingAOP\AdoptingAOP\AccountService.cs:line 33
   at AdoptingAOP.AccountServiceTest.TestFindByNumber() in C:\Users\tkaufman\Documents\Visual Studio 2008\Projects\AdoptingAOP\AdoptingAOP\AccountServiceTest.cs:line 75
</StackTrace>
        </ErrorInfo>
      </Output>
    </UnitTestResult>
  </Results>
</TestRun>